
> @eunoistoria/power-app@0.1.0 build /Users/averman/work/eunoistoria/packages/power-app
> electron-vite build

vite v5.4.21 building SSR bundle for production...
transforming...
✓ 6 modules transformed.
rendering chunks...
out/main/index.js  16.74 kB
✓ built in 208ms
vite v5.4.21 building SSR bundle for production...
transforming...
✓ 1 modules transformed.
rendering chunks...
out/preload/index.mjs  0.46 kB
✓ built in 3ms
vite v5.4.21 building for production...
transforming...
✓ 44 modules transformed.
rendering chunks...
../../out/renderer/index.html                   0.46 kB
../../out/renderer/assets/index-yx-yVT34.css   13.18 kB
../../out/renderer/assets/index-C8C0g02M.js   227.66 kB
✓ built in 285ms
